------------------------------------------------------------------------------------------------------------------------

[2020-08-14 09:57:29 #1 store] 
Database 'C:\Users\elena\Desktop\DAM CESUR\A A Proyecto\MASGestion\db\MAS.odb' is opened by 7680@USUCAPIONADO

[2020-08-14 09:57:29 #2 store] 
Configuration path: C:\Users\elena\Desktop\DAM CESUR\A A Proyecto\objectdb-2.8.3\objectdb.conf

[2020-08-14 10:01:04 #3 store] 
Database 'C:\Users\elena\Desktop\DAM CESUR\A A Proyecto\MASGestion\db\MAS.odb' is closed by 7680@USUCAPIONADO

------------------------------------------------------------------------------------------------------------------------

[2020-08-14 10:11:46 #1 store] 
Database 'C:\Users\elena\Desktop\DAM CESUR\A A Proyecto\MASGestion\db\MAS.odb' is opened by 12600@USUCAPIONADO

[2020-08-14 10:11:46 #2 store] 
Configuration path: C:\Users\elena\Desktop\DAM CESUR\A A Proyecto\objectdb-2.8.3\objectdb.conf

[2020-08-14 10:12:16 #3 store] 
Database 'C:\Users\elena\Desktop\DAM CESUR\A A Proyecto\MASGestion\db\MAS.odb' is closed by 12600@USUCAPIONADO

------------------------------------------------------------------------------------------------------------------------

[2020-08-14 10:31:45 #1 store] 
Database 'C:\Users\elena\Desktop\DAM CESUR\A A Proyecto\MASGestion\db\MAS.odb' is opened by 5680@USUCAPIONADO

[2020-08-14 10:31:45 #2 store] 
Configuration path: C:\Users\elena\Desktop\DAM CESUR\A A Proyecto\objectdb-2.8.3\objectdb.conf

[2020-08-14 10:32:11 #3 store] 
Database 'C:\Users\elena\Desktop\DAM CESUR\A A Proyecto\MASGestion\db\MAS.odb' is closed by 5680@USUCAPIONADO

------------------------------------------------------------------------------------------------------------------------

[2020-08-14 10:51:11 #1 store] 
Database 'C:\Users\elena\Desktop\DAM CESUR\A A Proyecto\MASGestion\db\MAS.odb' is opened by 9036@USUCAPIONADO

[2020-08-14 10:51:11 #2 store] 
Configuration path: C:\Users\elena\Desktop\DAM CESUR\A A Proyecto\objectdb-2.8.3\objectdb.conf

[2020-08-14 10:51:23 #3 store] 
Database 'C:\Users\elena\Desktop\DAM CESUR\A A Proyecto\MASGestion\db\MAS.odb' is closed by 9036@USUCAPIONADO

------------------------------------------------------------------------------------------------------------------------

[2020-08-14 13:19:10 #1 store] 
Database 'C:\Users\elena\Desktop\DAM CESUR\A A Proyecto\MASGestion\db\MAS.odb' is opened by 9432@USUCAPIONADO

[2020-08-14 13:19:10 #2 store] 
Configuration path: C:\Users\elena\Desktop\DAM CESUR\A A Proyecto\objectdb-2.8.3\objectdb.conf

[2020-08-14 13:19:28 #3 store] 
Database 'C:\Users\elena\Desktop\DAM CESUR\A A Proyecto\MASGestion\db\MAS.odb' is closed by 9432@USUCAPIONADO

