------------------------------------------------------------------------------------------------------------------------

[2020-08-20 10:58:04 #1 store] 
Database 'C:\Users\elena\Desktop\DAM CESUR\A A Proyecto\MASGestion\db\MAS.odb' is opened by 8252@USUCAPIONADO

[2020-08-20 10:58:04 #2 store] 
Configuration path: C:\Users\elena\Desktop\DAM CESUR\A A Proyecto\objectdb-2.8.3\objectdb.conf

[2020-08-20 10:58:16 #3 store] 
Database 'C:\Users\elena\Desktop\DAM CESUR\A A Proyecto\MASGestion\db\MAS.odb' is closed by 8252@USUCAPIONADO

------------------------------------------------------------------------------------------------------------------------

[2020-08-20 11:50:04 #1 store] 
Database 'C:\Users\elena\Desktop\DAM CESUR\A A Proyecto\MASGestion\db\MAS.odb' is opened by 9060@USUCAPIONADO

[2020-08-20 11:50:04 #2 store] 
Configuration path: C:\Users\elena\Desktop\DAM CESUR\A A Proyecto\objectdb-2.8.3\objectdb.conf

[2020-08-20 11:50:41 #3 store] 
Database 'C:\Users\elena\Desktop\DAM CESUR\A A Proyecto\MASGestion\db\MAS.odb' is closed by 9060@USUCAPIONADO

------------------------------------------------------------------------------------------------------------------------

[2020-08-20 12:14:56 #1 store] 
Database 'C:\Users\elena\Desktop\DAM CESUR\A A Proyecto\MASGestion\db\MAS.odb' has been recovered (tr. 11058-11058)

[2020-08-20 12:14:56 #2 store] 
Database 'C:\Users\elena\Desktop\DAM CESUR\A A Proyecto\MASGestion\db\MAS.odb' is opened by 928@USUCAPIONADO

[2020-08-20 12:14:56 #3 store] 
Configuration path: C:\Users\elena\Desktop\DAM CESUR\A A Proyecto\objectdb-2.8.3\objectdb.conf

[2020-08-20 12:15:24 #4 store] 
Database 'C:\Users\elena\Desktop\DAM CESUR\A A Proyecto\MASGestion\db\MAS.odb' is closed by 928@USUCAPIONADO

