------------------------------------------------------------------------------------------------------------------------

[2020-08-13 10:37:22 #1 store] 
Database 'C:\Users\elena\Desktop\DAM CESUR\A A Proyecto\objectdb-2.8.3\db\p2.odb' is opened by 13892@USUCAPIONADO

[2020-08-13 10:37:22 #2 store] 
Configuration path: C:\Users\elena\Desktop\DAM CESUR\A A Proyecto\objectdb-2.8.3\objectdb.conf

------------------------------------------------------------------------------------------------------------------------

[2020-08-13 10:38:07 #1 store] 
Database 'C:\Users\elena\Desktop\DAM CESUR\A A Proyecto\objectdb-2.8.3\db\p2.odb' has been recovered (tr. 1-2)

[2020-08-13 10:38:07 #2 store] 
Database 'C:\Users\elena\Desktop\DAM CESUR\A A Proyecto\objectdb-2.8.3\db\p2.odb' is opened by 13016@USUCAPIONADO

[2020-08-13 10:38:07 #3 store] 
Configuration path: C:\Users\elena\Desktop\DAM CESUR\A A Proyecto\objectdb-2.8.3\objectdb.conf

------------------------------------------------------------------------------------------------------------------------

[2020-08-13 10:42:54 #1 store] 
Database 'C:\Users\elena\Desktop\DAM CESUR\A A Proyecto\objectdb-2.8.3\db\p2.odb' is opened by 14976@USUCAPIONADO

[2020-08-13 10:42:54 #2 store] 
Configuration path: C:\Users\elena\Desktop\DAM CESUR\A A Proyecto\objectdb-2.8.3\objectdb.conf

------------------------------------------------------------------------------------------------------------------------

[2020-08-13 10:48:21 #1 store] 
Database 'C:\Users\elena\Desktop\DAM CESUR\A A Proyecto\objectdb-2.8.3\db\p2.odb' is opened by 13348@USUCAPIONADO

[2020-08-13 10:48:21 #2 store] 
Configuration path: C:\Users\elena\Desktop\DAM CESUR\A A Proyecto\objectdb-2.8.3\objectdb.conf

[2020-08-13 10:48:22 #3 type] 
Type tutorial.Point is not enhanced.

[2020-08-13 10:48:22 #4 store] 
Database 'C:\Users\elena\Desktop\DAM CESUR\A A Proyecto\objectdb-2.8.3\db\p2.odb' is closed by 13348@USUCAPIONADO

------------------------------------------------------------------------------------------------------------------------

[2020-08-13 10:56:35 #1 store] 
Database 'C:\Users\elena\Desktop\DAM CESUR\A A Proyecto\objectdb-2.8.3\db\p2.odb' is opened by 11804@USUCAPIONADO

[2020-08-13 10:56:35 #2 store] 
Configuration path: C:\Users\elena\Desktop\DAM CESUR\A A Proyecto\objectdb-2.8.3\objectdb.conf

[2020-08-13 10:56:35 #3 type] 
Type tutorial.Point is not enhanced.

------------------------------------------------------------------------------------------------------------------------

[2020-08-13 11:04:09 #1 store] 
Database 'C:\Users\elena\Desktop\DAM CESUR\A A Proyecto\objectdb-2.8.3\db\p2.odb' is opened by 12308@USUCAPIONADO

[2020-08-13 11:04:09 #2 store] 
Configuration path: C:\Users\elena\Desktop\DAM CESUR\A A Proyecto\objectdb-2.8.3\objectdb.conf

[2020-08-13 11:04:09 #3 type] 
Type tutorial.Point is not enhanced.

------------------------------------------------------------------------------------------------------------------------

[2020-08-13 11:04:39 #1 store] 
Database 'C:\Users\elena\Desktop\DAM CESUR\A A Proyecto\objectdb-2.8.3\db\p2.odb' is opened by 15192@USUCAPIONADO

[2020-08-13 11:04:39 #2 store] 
Configuration path: C:\Users\elena\Desktop\DAM CESUR\A A Proyecto\objectdb-2.8.3\objectdb.conf

[2020-08-13 11:04:39 #3 type] 
Type tutorial.Point is not enhanced.

[2020-08-13 11:04:40 #4 store] 
Database 'C:\Users\elena\Desktop\DAM CESUR\A A Proyecto\objectdb-2.8.3\db\p2.odb' is closed by 15192@USUCAPIONADO

------------------------------------------------------------------------------------------------------------------------

[2020-08-13 11:05:04 #1 store] 
Database 'C:\Users\elena\Desktop\DAM CESUR\A A Proyecto\objectdb-2.8.3\db\p2.odb' is opened by 7848@USUCAPIONADO

[2020-08-13 11:05:04 #2 store] 
Configuration path: C:\Users\elena\Desktop\DAM CESUR\A A Proyecto\objectdb-2.8.3\objectdb.conf

[2020-08-13 11:05:04 #3 type] 
Type tutorial.Point is not enhanced.

------------------------------------------------------------------------------------------------------------------------

[2020-08-13 11:05:57 #1 store] 
Database 'C:\Users\elena\Desktop\DAM CESUR\A A Proyecto\objectdb-2.8.3\db\p2.odb' is opened by 6436@USUCAPIONADO

[2020-08-13 11:05:57 #2 store] 
Configuration path: C:\Users\elena\Desktop\DAM CESUR\A A Proyecto\objectdb-2.8.3\objectdb.conf

[2020-08-13 11:05:57 #3 type] 
Type tutorial.Point is not enhanced.

------------------------------------------------------------------------------------------------------------------------

[2020-08-13 11:07:22 #1 store] 
Database 'C:\Users\elena\Desktop\DAM CESUR\A A Proyecto\objectdb-2.8.3\db\p2.odb' is opened by 5084@USUCAPIONADO

[2020-08-13 11:07:22 #2 store] 
Configuration path: C:\Users\elena\Desktop\DAM CESUR\A A Proyecto\objectdb-2.8.3\objectdb.conf

[2020-08-13 11:07:22 #3 type] 
Type tutorial.Point is not enhanced.

------------------------------------------------------------------------------------------------------------------------

[2020-08-13 11:09:33 #1 store] 
Database 'C:\Users\elena\Desktop\DAM CESUR\A A Proyecto\objectdb-2.8.3\db\p2.odb' is opened by 11104@USUCAPIONADO

[2020-08-13 11:09:33 #2 store] 
Configuration path: C:\Users\elena\Desktop\DAM CESUR\A A Proyecto\objectdb-2.8.3\objectdb.conf

[2020-08-13 11:09:33 #3 type] 
Type tutorial.Point is not enhanced.

------------------------------------------------------------------------------------------------------------------------

[2020-08-13 11:09:58 #1 store] 
Database 'C:\Users\elena\Desktop\DAM CESUR\A A Proyecto\objectdb-2.8.3\db\p2.odb' is opened by 11916@USUCAPIONADO

[2020-08-13 11:09:58 #2 store] 
Configuration path: C:\Users\elena\Desktop\DAM CESUR\A A Proyecto\objectdb-2.8.3\objectdb.conf

[2020-08-13 11:09:58 #3 type] 
Type tutorial.Point is not enhanced.

[2020-08-13 11:09:59 #4 store] 
Database 'C:\Users\elena\Desktop\DAM CESUR\A A Proyecto\objectdb-2.8.3\db\p2.odb' is closed by 11916@USUCAPIONADO

------------------------------------------------------------------------------------------------------------------------

[2020-08-13 11:11:32 #1 store] 
Database 'C:\Users\elena\Desktop\DAM CESUR\A A Proyecto\objectdb-2.8.3\db\p2.odb' is opened by 2972@USUCAPIONADO

[2020-08-13 11:11:32 #2 store] 
Configuration path: C:\Users\elena\Desktop\DAM CESUR\A A Proyecto\objectdb-2.8.3\objectdb.conf

[2020-08-13 11:11:32 #3 type] 
Type tutorial.Point is not enhanced.

[2020-08-13 11:11:32 #4 store] 
Database 'C:\Users\elena\Desktop\DAM CESUR\A A Proyecto\objectdb-2.8.3\db\p2.odb' is closed by 2972@USUCAPIONADO

------------------------------------------------------------------------------------------------------------------------

[2020-08-13 11:12:44 #1 store] 
Database 'C:\Users\elena\Desktop\DAM CESUR\A A Proyecto\objectdb-2.8.3\db\p2.odb' is opened by 4984@USUCAPIONADO

[2020-08-13 11:12:44 #2 store] 
Configuration path: C:\Users\elena\Desktop\DAM CESUR\A A Proyecto\objectdb-2.8.3\objectdb.conf

[2020-08-13 11:12:44 #3 type] 
Type tutorial.Point is not enhanced.

[2020-08-13 11:12:44 #4 type] 
Type tutorial.Usuario is not enhanced.

[2020-08-13 11:12:45 #5 store] 
Database 'C:\Users\elena\Desktop\DAM CESUR\A A Proyecto\objectdb-2.8.3\db\p2.odb' is closed by 4984@USUCAPIONADO

------------------------------------------------------------------------------------------------------------------------

[2020-08-13 11:13:26 #1 store] 
Database 'C:\Users\elena\Desktop\DAM CESUR\A A Proyecto\objectdb-2.8.3\db\p2.odb' is opened by 12520@USUCAPIONADO

[2020-08-13 11:13:26 #2 store] 
Configuration path: C:\Users\elena\Desktop\DAM CESUR\A A Proyecto\objectdb-2.8.3\objectdb.conf

[2020-08-13 11:13:26 #3 type] 
Type tutorial.Point is not enhanced.

[2020-08-13 11:13:26 #4 type] 
Type tutorial.Usuario is not enhanced.

[2020-08-13 11:13:27 #5 store] 
Database 'C:\Users\elena\Desktop\DAM CESUR\A A Proyecto\objectdb-2.8.3\db\p2.odb' is closed by 12520@USUCAPIONADO

------------------------------------------------------------------------------------------------------------------------

[2020-08-13 11:13:43 #1 store] 
Database 'C:\Users\elena\Desktop\DAM CESUR\A A Proyecto\objectdb-2.8.3\db\p2.odb' is opened by 6480@USUCAPIONADO

[2020-08-13 11:13:43 #2 store] 
Configuration path: C:\Users\elena\Desktop\DAM CESUR\A A Proyecto\objectdb-2.8.3\objectdb.conf

[2020-08-13 11:13:43 #3 type] 
Type tutorial.Point is not enhanced.

[2020-08-13 11:13:43 #4 type] 
Type tutorial.Usuario is not enhanced.

[2020-08-13 11:13:44 #5 store] 
Database 'C:\Users\elena\Desktop\DAM CESUR\A A Proyecto\objectdb-2.8.3\db\p2.odb' is closed by 6480@USUCAPIONADO

------------------------------------------------------------------------------------------------------------------------

[2020-08-13 11:14:41 #1 store] 
Database 'C:\Users\elena\Desktop\DAM CESUR\A A Proyecto\objectdb-2.8.3\db\p2.odb' is opened by 10732@USUCAPIONADO

[2020-08-13 11:14:41 #2 store] 
Configuration path: C:\Users\elena\Desktop\DAM CESUR\A A Proyecto\objectdb-2.8.3\objectdb.conf

[2020-08-13 11:14:41 #3 type] 
Type tutorial.Point is not enhanced.

[2020-08-13 11:14:41 #4 type] 
Type tutorial.Usuario is not enhanced.

[2020-08-13 11:14:42 #5 store] 
Database 'C:\Users\elena\Desktop\DAM CESUR\A A Proyecto\objectdb-2.8.3\db\p2.odb' is closed by 10732@USUCAPIONADO

------------------------------------------------------------------------------------------------------------------------

[2020-08-13 11:17:02 #1 store] 
Database 'C:\Users\elena\Desktop\DAM CESUR\A A Proyecto\objectdb-2.8.3\db\p2.odb' is opened by 5440@USUCAPIONADO

[2020-08-13 11:17:02 #2 store] 
Configuration path: C:\Users\elena\Desktop\DAM CESUR\A A Proyecto\objectdb-2.8.3\objectdb.conf

[2020-08-13 11:17:02 #3 type] 
Type tutorial.Point is not enhanced.

[2020-08-13 11:17:02 #4 type] 
Type tutorial.Usuario is not enhanced.

[2020-08-13 11:17:04 #5 store] 
Database 'C:\Users\elena\Desktop\DAM CESUR\A A Proyecto\objectdb-2.8.3\db\p2.odb' is closed by 5440@USUCAPIONADO

------------------------------------------------------------------------------------------------------------------------

[2020-08-13 11:19:50 #1 store] 
Database 'C:\Users\elena\Desktop\DAM CESUR\A A Proyecto\objectdb-2.8.3\db\p2.odb' is opened by 11356@USUCAPIONADO

[2020-08-13 11:19:50 #2 store] 
Configuration path: C:\Users\elena\Desktop\DAM CESUR\A A Proyecto\objectdb-2.8.3\objectdb.conf

[2020-08-13 11:19:50 #3 type] 
Type tutorial.Point is not enhanced.

[2020-08-13 11:19:50 #4 type] 
Type tutorial.Usuario is not enhanced.

[2020-08-13 11:19:50 #5 store] 
Database 'C:\Users\elena\Desktop\DAM CESUR\A A Proyecto\objectdb-2.8.3\db\p2.odb' is closed by 11356@USUCAPIONADO

------------------------------------------------------------------------------------------------------------------------

[2020-08-13 11:21:48 #1 store] 
Database 'C:\Users\elena\Desktop\DAM CESUR\A A Proyecto\objectdb-2.8.3\db\p2.odb' is opened by 12868@USUCAPIONADO

[2020-08-13 11:21:48 #2 store] 
Configuration path: C:\Users\elena\Desktop\DAM CESUR\A A Proyecto\objectdb-2.8.3\objectdb.conf

[2020-08-13 11:21:48 #3 type] 
Type tutorial.Point is not enhanced.

[2020-08-13 11:21:48 #4 type] 
Type tutorial.Usuario is not enhanced.

[2020-08-13 11:21:49 #5 store] 
Database 'C:\Users\elena\Desktop\DAM CESUR\A A Proyecto\objectdb-2.8.3\db\p2.odb' is closed by 12868@USUCAPIONADO

------------------------------------------------------------------------------------------------------------------------

[2020-08-13 12:32:35 #1 store] 
Database 'C:\Users\elena\Desktop\DAM CESUR\A A Proyecto\objectdb-2.8.3\db\p2.odb' is opened by 7512@USUCAPIONADO

[2020-08-13 12:32:35 #2 store] 
Configuration path: C:\Users\elena\Desktop\DAM CESUR\A A Proyecto\objectdb-2.8.3\objectdb.conf

[2020-08-13 12:32:35 #3 type] 
Type tutorial.Point is not enhanced.

[2020-08-13 12:32:35 #4 type] 
Type tutorial.Usuario is not enhanced.

[2020-08-13 12:32:35 #5 store] 
Database 'C:\Users\elena\Desktop\DAM CESUR\A A Proyecto\objectdb-2.8.3\db\p2.odb' is closed by 7512@USUCAPIONADO

------------------------------------------------------------------------------------------------------------------------

[2020-08-13 12:35:33 #1 store] 
Database 'C:\Users\elena\Desktop\DAM CESUR\A A Proyecto\objectdb-2.8.3\db\p2.odb' is opened by 11552@USUCAPIONADO

[2020-08-13 12:35:33 #2 store] 
Configuration path: C:\Users\elena\Desktop\DAM CESUR\A A Proyecto\objectdb-2.8.3\objectdb.conf

[2020-08-13 12:35:33 #3 type] 
Type tutorial.Point is not enhanced.

[2020-08-13 12:35:33 #4 type] 
Type tutorial.Usuario is not enhanced.

[2020-08-13 12:35:34 #5 store] 
Database 'C:\Users\elena\Desktop\DAM CESUR\A A Proyecto\objectdb-2.8.3\db\p2.odb' is closed by 11552@USUCAPIONADO

------------------------------------------------------------------------------------------------------------------------

[2020-08-13 12:35:59 #1 store] 
Database 'C:\Users\elena\Desktop\DAM CESUR\A A Proyecto\objectdb-2.8.3\db\p2.odb' is opened by 11916@USUCAPIONADO

[2020-08-13 12:35:59 #2 store] 
Configuration path: C:\Users\elena\Desktop\DAM CESUR\A A Proyecto\objectdb-2.8.3\objectdb.conf

[2020-08-13 12:35:59 #3 type] 
Type tutorial.Point is not enhanced.

[2020-08-13 12:35:59 #4 type] 
Type tutorial.Usuario is not enhanced.

[2020-08-13 12:36:00 #5 store] 
Database 'C:\Users\elena\Desktop\DAM CESUR\A A Proyecto\objectdb-2.8.3\db\p2.odb' is closed by 11916@USUCAPIONADO

------------------------------------------------------------------------------------------------------------------------

[2020-08-13 12:36:55 #1 store] 
Database 'C:\Users\elena\Desktop\DAM CESUR\A A Proyecto\objectdb-2.8.3\db\p2.odb' is opened by 8388@USUCAPIONADO

[2020-08-13 12:36:55 #2 store] 
Configuration path: C:\Users\elena\Desktop\DAM CESUR\A A Proyecto\objectdb-2.8.3\objectdb.conf

[2020-08-13 12:36:55 #3 type] 
Type tutorial.Point is not enhanced.

[2020-08-13 12:36:55 #4 type] 
Type tutorial.Usuario is not enhanced.

[2020-08-13 12:36:55 #5 store] 
Database 'C:\Users\elena\Desktop\DAM CESUR\A A Proyecto\objectdb-2.8.3\db\p2.odb' is closed by 8388@USUCAPIONADO

------------------------------------------------------------------------------------------------------------------------

[2020-08-13 12:37:24 #1 store] 
Database 'C:\Users\elena\Desktop\DAM CESUR\A A Proyecto\objectdb-2.8.3\db\p2.odb' is opened by 7160@USUCAPIONADO

[2020-08-13 12:37:24 #2 store] 
Configuration path: C:\Users\elena\Desktop\DAM CESUR\A A Proyecto\objectdb-2.8.3\objectdb.conf

[2020-08-13 12:37:24 #3 type] 
Type tutorial.Point is not enhanced.

[2020-08-13 12:37:24 #4 type] 
Type tutorial.Usuario is not enhanced.

[2020-08-13 12:37:25 #5 store] 
Database 'C:\Users\elena\Desktop\DAM CESUR\A A Proyecto\objectdb-2.8.3\db\p2.odb' is closed by 7160@USUCAPIONADO

------------------------------------------------------------------------------------------------------------------------

[2020-08-13 12:37:43 #1 store] 
Database 'C:\Users\elena\Desktop\DAM CESUR\A A Proyecto\objectdb-2.8.3\db\p2.odb' is opened by 9488@USUCAPIONADO

[2020-08-13 12:37:43 #2 store] 
Configuration path: C:\Users\elena\Desktop\DAM CESUR\A A Proyecto\objectdb-2.8.3\objectdb.conf

[2020-08-13 12:37:44 #3 type] 
Type tutorial.Usuario is not enhanced.

[2020-08-13 12:37:44 #4 type] 
Type tutorial.Point is not enhanced.

[2020-08-13 12:37:44 #5 store] 
Database 'C:\Users\elena\Desktop\DAM CESUR\A A Proyecto\objectdb-2.8.3\db\p2.odb' is closed by 9488@USUCAPIONADO

------------------------------------------------------------------------------------------------------------------------

[2020-08-13 12:38:47 #1 store] 
Database 'C:\db\p2.odb' is opened by 13392@USUCAPIONADO

[2020-08-13 12:38:47 #2 store] 
Configuration path: C:\Users\elena\Desktop\DAM CESUR\A A Proyecto\objectdb-2.8.3\objectdb.conf

[2020-08-13 12:38:48 #3 type] 
Type tutorial.Usuario is not enhanced.

[2020-08-13 12:38:48 #4 type] 
Type tutorial.Point is not enhanced.

[2020-08-13 12:38:48 #5 store] 
Database 'C:\db\p2.odb' is closed by 13392@USUCAPIONADO

------------------------------------------------------------------------------------------------------------------------

[2020-08-13 12:41:59 #1 store] 
Database 'C:\db\p2.odb' is opened by 11692@USUCAPIONADO

[2020-08-13 12:41:59 #2 store] 
Configuration path: C:\Users\elena\Desktop\DAM CESUR\A A Proyecto\objectdb-2.8.3\objectdb.conf

[2020-08-13 12:41:59 #3 type] 
Type tutorial.Usuario is not enhanced.

[2020-08-13 12:41:59 #4 type] 
Type tutorial.Point is not enhanced.

[2020-08-13 12:42:00 #5 store] 
Database 'C:\db\p2.odb' is closed by 11692@USUCAPIONADO

------------------------------------------------------------------------------------------------------------------------

[2020-08-13 12:42:40 #1 store] 
Database 'C:\Users\elena\Desktop\DAM CESUR\A A Proyecto\Tutorial\db\p2.odb' is opened by 12292@USUCAPIONADO

[2020-08-13 12:42:40 #2 store] 
Configuration path: C:\Users\elena\Desktop\DAM CESUR\A A Proyecto\objectdb-2.8.3\objectdb.conf

[2020-08-13 12:42:40 #3 type] 
Type tutorial.Usuario is not enhanced.

[2020-08-13 12:42:40 #4 type] 
Type tutorial.Point is not enhanced.

[2020-08-13 12:42:40 #5 store] 
Database 'C:\Users\elena\Desktop\DAM CESUR\A A Proyecto\Tutorial\db\p2.odb' is closed by 12292@USUCAPIONADO

