------------------------------------------------------------------------------------------------------------------------

[2020-08-21 11:20:35 #1 store] 
Database 'C:\Users\elena\Desktop\DAM CESUR\A A Proyecto\MASGestion\db\MAS.odb' is opened by 13680@USUCAPIONADO

[2020-08-21 11:20:35 #2 store] 
Configuration path: C:\Users\elena\Desktop\DAM CESUR\A A Proyecto\objectdb-2.8.3\objectdb.conf

[2020-08-21 11:21:16 #3 store] 
Database 'C:\Users\elena\Desktop\DAM CESUR\A A Proyecto\MASGestion\db\MAS.odb' is closed by 13680@USUCAPIONADO

------------------------------------------------------------------------------------------------------------------------

[2020-08-21 11:24:27 #1 store] 
Database 'C:\Users\elena\Desktop\DAM CESUR\A A Proyecto\MASGestion\db\MAS.odb' is opened by 9112@USUCAPIONADO

[2020-08-21 11:24:27 #2 store] 
Configuration path: C:\Users\elena\Desktop\DAM CESUR\A A Proyecto\objectdb-2.8.3\objectdb.conf

[2020-08-21 11:24:41 #3 store] 
Database 'C:\Users\elena\Desktop\DAM CESUR\A A Proyecto\MASGestion\db\MAS.odb' is closed by 9112@USUCAPIONADO

------------------------------------------------------------------------------------------------------------------------

[2020-08-21 11:36:29 #1 store] 
Database 'C:\Users\elena\Desktop\DAM CESUR\A A Proyecto\MASGestion\db\MAS.odb' is opened by 3748@USUCAPIONADO

[2020-08-21 11:36:29 #2 store] 
Configuration path: C:\Users\elena\Desktop\DAM CESUR\A A Proyecto\objectdb-2.8.3\objectdb.conf

[2020-08-21 11:36:42 #3 store] 
Database 'C:\Users\elena\Desktop\DAM CESUR\A A Proyecto\MASGestion\db\MAS.odb' is closed by 3748@USUCAPIONADO

