------------------------------------------------------------------------------------------------------------------------

[2020-11-03 13:24:37 #1 store] 
Database 'C:\Users\elena\Desktop\DAM CESUR\A A Proyecto\MASGestion Installer\db\MAS.odb' is opened by 15640@USUCAPIONADO

[2020-11-03 13:24:37 #2 store] 
Configuration path: ?

[2020-11-03 13:24:37 #3 type] 
Type modelo.Usuario is not enhanced.

[2020-11-03 13:24:37 #4 store] 
Database 'C:\Users\elena\Desktop\DAM CESUR\A A Proyecto\MASGestion Installer\db\MAS.odb' is closed by 15640@USUCAPIONADO

[2020-11-03 13:24:47 #5 store] 
Database 'C:\Users\elena\Desktop\DAM CESUR\A A Proyecto\MASGestion Installer\db\MAS.odb' is opened by 15640@USUCAPIONADO

[2020-11-03 13:24:47 #6 store] 
Configuration path: ?

[2020-11-03 13:24:47 #7 store] 
Database 'C:\Users\elena\Desktop\DAM CESUR\A A Proyecto\MASGestion Installer\db\MAS.odb' is closed by 15640@USUCAPIONADO

[2020-11-03 13:24:54 #8 store] 
Database 'C:\Users\elena\Desktop\DAM CESUR\A A Proyecto\MASGestion Installer\db\MAS.odb' is opened by 15640@USUCAPIONADO

[2020-11-03 13:24:54 #9 store] 
Configuration path: ?

[2020-11-03 13:24:54 #10 store] 
Database 'C:\Users\elena\Desktop\DAM CESUR\A A Proyecto\MASGestion Installer\db\MAS.odb' is closed by 15640@USUCAPIONADO

[2020-11-03 13:25:07 #11 store] 
Database 'C:\Users\elena\Desktop\DAM CESUR\A A Proyecto\MASGestion Installer\db\MAS.odb' is opened by 15640@USUCAPIONADO

[2020-11-03 13:25:07 #12 store] 
Configuration path: ?

[2020-11-03 13:25:07 #13 store] 
Database 'C:\Users\elena\Desktop\DAM CESUR\A A Proyecto\MASGestion Installer\db\MAS.odb' is closed by 15640@USUCAPIONADO

------------------------------------------------------------------------------------------------------------------------

[2020-11-03 13:29:17 #1 store] 
Database 'C:\Users\elena\Desktop\DAM CESUR\A A Proyecto\MASGestion Installer\db\MAS.odb' is opened by 10120@USUCAPIONADO

[2020-11-03 13:29:17 #2 store] 
Configuration path: ?

[2020-11-03 13:29:17 #3 type] 
Type modelo.Usuario is not enhanced.

[2020-11-03 13:29:17 #4 type] 
Type modelo.Socio is not enhanced.

[2020-11-03 13:29:17 #5 store] 
Database 'C:\Users\elena\Desktop\DAM CESUR\A A Proyecto\MASGestion Installer\db\MAS.odb' is closed by 10120@USUCAPIONADO

[2020-11-03 13:29:19 #6 store] 
Database 'C:\Users\elena\Desktop\DAM CESUR\A A Proyecto\MASGestion Installer\db\MAS.odb' is opened by 10120@USUCAPIONADO

[2020-11-03 13:29:19 #7 store] 
Configuration path: ?

